GROUP,PACKAGE,CLASS,INSTRUCTION_MISSED,INSTRUCTION_COVERED,BRANCH_MISSED,BRANCH_COVERED,LINE_MISSED,LINE_COVERED,COMPLEXITY_MISSED,COMPLEXITY_COVERED,METHOD_MISSED,METHOD_COVERED
core.ds_object,info.smart_tools.smartactors.core.ds_object,DSObject,0,136,0,8,0,36,0,13,0,9
core.ds_object,info.smart_tools.smartactors.core.ds_object,FieldName,0,66,2,10,0,16,2,10,0,6
core.ds_object,info.smart_tools.smartactors.core.ds_object,DSObject.DSObjectIterator,0,21,0,0,0,5,0,3,0,3
core.ds_object,info.smart_tools.smartactors.core.ds_object,DSObject.new StdSerializer() {...},0,9,0,0,0,3,0,2,0,2
core.ds_object,info.smart_tools.smartactors.core.ds_object,DSObject.new TypeReference() {...},0,6,0,0,0,1,0,1,0,1
