<?xml version="1.0" encoding="UTF-8" standalone="yes"?><!DOCTYPE report PUBLIC "-//JACOCO//DTD Report 1.0//EN" "report.dtd"><report name="core.message_processor"><sessioninfo id="teamcity2-e15fa116" start="1469566899982" dump="1469566908352"/><package name="info/smart_tools/smartactors/core/message_processor"><class name="info/smart_tools/smartactors/core/message_processor/MessageProcessor"><method name="&lt;init&gt;" desc="(Linfo/smart_tools/smartactors/core/iqueue/IQueue;Linfo/smart_tools/smartactors/core/message_processing/IMessageProcessingSequence;Linfo/smart_tools/smartactors/core/iobject/IObject;)V" line="74"><counter type="INSTRUCTION" missed="0" covered="178"/><counter type="BRANCH" missed="0" covered="6"/><counter type="LINE" missed="0" covered="20"/><counter type="COMPLEXITY" missed="0" covered="4"/><counter type="METHOD" missed="0" covered="1"/></method><method name="process" desc="(Linfo/smart_tools/smartactors/core/iobject/IObject;Linfo/smart_tools/smartactors/core/iobject/IObject;)V" line="108"><counter type="INSTRUCTION" missed="0" covered="61"/><counter type="LINE" missed="0" covered="11"/><counter type="COMPLEXITY" missed="0" covered="1"/><counter type="METHOD" missed="0" covered="1"/></method><method name="pauseProcess" desc="()V" line="125"><counter type="INSTRUCTION" missed="0" covered="10"/><counter type="LINE" missed="0" covered="3"/><counter type="COMPLEXITY" missed="0" covered="1"/><counter type="METHOD" missed="0" covered="1"/></method><method name="continueProcess" desc="(Ljava/lang/Throwable;)V" line="132"><counter type="INSTRUCTION" missed="4" covered="49"/><counter type="BRANCH" missed="2" covered="8"/><counter type="LINE" missed="1" covered="14"/><counter type="COMPLEXITY" missed="2" covered="4"/><counter type="METHOD" missed="0" covered="1"/></method><method name="getContext" desc="()Linfo/smart_tools/smartactors/core/iobject/IObject;" line="162"><counter type="INSTRUCTION" missed="0" covered="3"/><counter type="LINE" missed="0" covered="1"/><counter type="COMPLEXITY" missed="0" covered="1"/><counter type="METHOD" missed="0" covered="1"/></method><method name="getResponse" desc="()Linfo/smart_tools/smartactors/core/iobject/IObject;" line="167"><counter type="INSTRUCTION" missed="0" covered="3"/><counter type="LINE" missed="0" covered="1"/><counter type="COMPLEXITY" missed="0" covered="1"/><counter type="METHOD" missed="0" covered="1"/></method><method name="getMessage" desc="()Linfo/smart_tools/smartactors/core/iobject/IObject;" line="172"><counter type="INSTRUCTION" missed="0" covered="3"/><counter type="LINE" missed="0" covered="1"/><counter type="COMPLEXITY" missed="0" covered="1"/><counter type="METHOD" missed="0" covered="1"/></method><method name="getSequence" desc="()Linfo/smart_tools/smartactors/core/message_processing/IMessageProcessingSequence;" line="177"><counter type="INSTRUCTION" missed="0" covered="3"/><counter type="LINE" missed="0" covered="1"/><counter type="COMPLEXITY" missed="0" covered="1"/><counter type="METHOD" missed="0" covered="1"/></method><method name="getEnvironment" desc="()Linfo/smart_tools/smartactors/core/iobject/IObject;" line="182"><counter type="INSTRUCTION" missed="0" covered="3"/><counter type="LINE" missed="0" covered="1"/><counter type="COMPLEXITY" missed="0" covered="1"/><counter type="METHOD" missed="0" covered="1"/></method><method name="setConfig" desc="(Linfo/smart_tools/smartactors/core/iobject/IObject;)V" line="187"><counter type="INSTRUCTION" missed="0" covered="12"/><counter type="BRANCH" missed="0" covered="2"/><counter type="LINE" missed="0" covered="4"/><counter type="COMPLEXITY" missed="0" covered="2"/><counter type="METHOD" missed="0" covered="1"/></method><method name="execute" desc="()V" line="197"><counter type="INSTRUCTION" missed="6" covered="40"/><counter type="BRANCH" missed="0" covered="2"/><counter type="LINE" missed="1" covered="14"/><counter type="COMPLEXITY" missed="0" covered="2"/><counter type="METHOD" missed="0" covered="1"/></method><method name="enqueueNext" desc="()V" line="216"><counter type="INSTRUCTION" missed="0" covered="7"/><counter type="BRANCH" missed="1" covered="1"/><counter type="LINE" missed="0" covered="3"/><counter type="COMPLEXITY" missed="1" covered="1"/><counter type="METHOD" missed="0" covered="1"/></method><method name="enqueue" desc="()V" line="223"><counter type="INSTRUCTION" missed="0" covered="9"/><counter type="LINE" missed="0" covered="5"/><counter type="COMPLEXITY" missed="0" covered="1"/><counter type="METHOD" missed="0" covered="1"/></method><method name="complete" desc="()V" line="231"><counter type="INSTRUCTION" missed="0" covered="1"/><counter type="LINE" missed="0" covered="1"/><counter type="COMPLEXITY" missed="0" covered="1"/><counter type="METHOD" missed="0" covered="1"/></method><counter type="INSTRUCTION" missed="10" covered="382"/><counter type="BRANCH" missed="3" covered="19"/><counter type="LINE" missed="2" covered="80"/><counter type="COMPLEXITY" missed="3" covered="22"/><counter type="METHOD" missed="0" covered="14"/><counter type="CLASS" missed="0" covered="1"/></class><sourcefile name="MessageProcessor.java"><line nr="74" mi="0" ci="2" mb="0" cb="0"/><line nr="75" mi="0" ci="3" mb="0" cb="2"/><line nr="76" mi="0" ci="5" mb="0" cb="0"/><line nr="79" mi="0" ci="3" mb="0" cb="2"/><line nr="80" mi="0" ci="5" mb="0" cb="0"/><line nr="83" mi="0" ci="3" mb="0" cb="2"/><line nr="84" mi="0" ci="5" mb="0" cb="0"/><line nr="87" mi="0" ci="3" mb="0" cb="0"/><line nr="88" mi="0" ci="3" mb="0" cb="0"/><line nr="89" mi="0" ci="3" mb="0" cb="0"/><line nr="91" mi="0" ci="3" mb="0" cb="0"/><line nr="92" mi="0" ci="3" mb="0" cb="0"/><line nr="94" mi="0" ci="16" mb="0" cb="0"/><line nr="96" mi="0" ci="20" mb="0" cb="0"/><line nr="97" mi="0" ci="20" mb="0" cb="0"/><line nr="98" mi="0" ci="20" mb="0" cb="0"/><line nr="99" mi="0" ci="20" mb="0" cb="0"/><line nr="100" mi="0" ci="20" mb="0" cb="0"/><line nr="101" mi="0" ci="20" mb="0" cb="0"/><line nr="102" mi="0" ci="1" mb="0" cb="0"/><line nr="108" mi="0" ci="3" mb="0" cb="0"/><line nr="109" mi="0" ci="3" mb="0" cb="0"/><line nr="110" mi="0" ci="16" mb="0" cb="0"/><line nr="112" mi="0" ci="7" mb="0" cb="0"/><line nr="113" mi="0" ci="7" mb="0" cb="0"/><line nr="114" mi="0" ci="7" mb="0" cb="0"/><line nr="115" mi="0" ci="6" mb="0" cb="0"/><line nr="116" mi="0" ci="6" mb="0" cb="0"/><line nr="118" mi="0" ci="3" mb="0" cb="0"/><line nr="119" mi="0" ci="2" mb="0" cb="0"/><line nr="120" mi="0" ci="1" mb="0" cb="0"/><line nr="125" mi="0" ci="3" mb="0" cb="0"/><line nr="126" mi="0" ci="6" mb="0" cb="0"/><line nr="127" mi="0" ci="1" mb="0" cb="0"/><line nr="132" mi="0" ci="8" mb="0" cb="0"/><line nr="134" mi="0" ci="2" mb="0" cb="2"/><line nr="135" mi="0" ci="5" mb="0" cb="0"/><line nr="138" mi="0" ci="3" mb="0" cb="2"/><line nr="139" mi="0" ci="4" mb="1" cb="1"/><line nr="140" mi="4" ci="0" mb="0" cb="0"/><line nr="143" mi="0" ci="3" mb="0" cb="0"/><line nr="146" mi="0" ci="2" mb="1" cb="1"/><line nr="147" mi="0" ci="4" mb="0" cb="2"/><line nr="149" mi="0" ci="7" mb="0" cb="0"/><line nr="150" mi="0" ci="1" mb="0" cb="0"/><line nr="151" mi="0" ci="6" mb="0" cb="0"/><line nr="153" mi="0" ci="1" mb="0" cb="0"/><line nr="156" mi="0" ci="2" mb="0" cb="0"/><line nr="158" mi="0" ci="1" mb="0" cb="0"/><line nr="162" mi="0" ci="3" mb="0" cb="0"/><line nr="167" mi="0" ci="3" mb="0" cb="0"/><line nr="172" mi="0" ci="3" mb="0" cb="0"/><line nr="177" mi="0" ci="3" mb="0" cb="0"/><line nr="182" mi="0" ci="3" mb="0" cb="0"/><line nr="187" mi="0" ci="3" mb="0" cb="2"/><line nr="188" mi="0" ci="5" mb="0" cb="0"/><line nr="190" mi="0" ci="3" mb="0" cb="0"/><line nr="191" mi="0" ci="1" mb="0" cb="0"/><line nr="197" mi="0" ci="3" mb="0" cb="0"/><line nr="198" mi="0" ci="3" mb="0" cb="0"/><line nr="199" mi="0" ci="3" mb="0" cb="0"/><line nr="200" mi="0" ci="8" mb="0" cb="0"/><line nr="201" mi="0" ci="5" mb="0" cb="0"/><line nr="202" mi="0" ci="1" mb="0" cb="0"/><line nr="203" mi="6" ci="0" mb="0" cb="0"/><line nr="204" mi="0" ci="1" mb="0" cb="0"/><line nr="206" mi="0" ci="3" mb="0" cb="2"/><line nr="207" mi="0" ci="2" mb="0" cb="0"/><line nr="209" mi="0" ci="1" mb="0" cb="0"/><line nr="210" mi="0" ci="2" mb="0" cb="0"/><line nr="211" mi="0" ci="6" mb="0" cb="0"/><line nr="212" mi="0" ci="1" mb="0" cb="0"/><line nr="213" mi="0" ci="1" mb="0" cb="0"/><line nr="216" mi="0" ci="4" mb="1" cb="1"/><line nr="217" mi="0" ci="2" mb="0" cb="0"/><line nr="219" mi="0" ci="1" mb="0" cb="0"/><line nr="223" mi="0" ci="4" mb="0" cb="0"/><line nr="224" mi="0" ci="1" mb="0" cb="0"/><line nr="225" mi="0" ci="2" mb="0" cb="0"/><line nr="226" mi="0" ci="1" mb="0" cb="0"/><line nr="227" mi="0" ci="1" mb="0" cb="0"/><line nr="231" mi="0" ci="1" mb="0" cb="0"/><counter type="INSTRUCTION" missed="10" covered="382"/><counter type="BRANCH" missed="3" covered="19"/><counter type="LINE" missed="2" covered="80"/><counter type="COMPLEXITY" missed="3" covered="22"/><counter type="METHOD" missed="0" covered="14"/><counter type="CLASS" missed="0" covered="1"/></sourcefile><counter type="INSTRUCTION" missed="10" covered="382"/><counter type="BRANCH" missed="3" covered="19"/><counter type="LINE" missed="2" covered="80"/><counter type="COMPLEXITY" missed="3" covered="22"/><counter type="METHOD" missed="0" covered="14"/><counter type="CLASS" missed="0" covered="1"/></package><counter type="INSTRUCTION" missed="10" covered="382"/><counter type="BRANCH" missed="3" covered="19"/><counter type="LINE" missed="2" covered="80"/><counter type="COMPLEXITY" missed="3" covered="22"/><counter type="METHOD" missed="0" covered="14"/><counter type="CLASS" missed="0" covered="1"/></report>