<?xml version="1.0" encoding="UTF-8" standalone="yes"?><!DOCTYPE report PUBLIC "-//JACOCO//DTD Report 1.0//EN" "report.dtd"><report name="core.postgres_create_task"><sessioninfo id="teamcity2-1a05ca99" start="1473402832284" dump="1473402835915"/><package name="info/smart_tools/smartactors/core/postgres_create_task"><class name="info/smart_tools/smartactors/core/postgres_create_task/PostgresCreateTask"><method name="&lt;init&gt;" desc="(Linfo/smart_tools/smartactors/core/istorage_connection/IStorageConnection;)V" line="45"><counter type="INSTRUCTION" missed="0" covered="6"/><counter type="LINE" missed="0" covered="3"/><counter type="COMPLEXITY" missed="0" covered="1"/><counter type="METHOD" missed="0" covered="1"/></method><method name="prepare" desc="(Linfo/smart_tools/smartactors/core/iobject/IObject;)V" line="52"><counter type="INSTRUCTION" missed="0" covered="40"/><counter type="LINE" missed="0" covered="9"/><counter type="COMPLEXITY" missed="0" covered="1"/><counter type="METHOD" missed="0" covered="1"/></method><method name="execute" desc="()V" line="65"><counter type="INSTRUCTION" missed="22" covered="44"/><counter type="BRANCH" missed="1" covered="1"/><counter type="LINE" missed="3" covered="11"/><counter type="COMPLEXITY" missed="1" covered="1"/><counter type="METHOD" missed="0" covered="1"/></method><counter type="INSTRUCTION" missed="22" covered="90"/><counter type="BRANCH" missed="1" covered="1"/><counter type="LINE" missed="3" covered="23"/><counter type="COMPLEXITY" missed="1" covered="3"/><counter type="METHOD" missed="0" covered="3"/><counter type="CLASS" missed="0" covered="1"/></class><sourcefile name="PostgresCreateTask.java"><line nr="45" mi="0" ci="2" mb="0" cb="0"/><line nr="46" mi="0" ci="3" mb="0" cb="0"/><line nr="47" mi="0" ci="1" mb="0" cb="0"/><line nr="52" mi="0" ci="12" mb="0" cb="0"/><line nr="53" mi="0" ci="4" mb="0" cb="0"/><line nr="54" mi="0" ci="4" mb="0" cb="0"/><line nr="55" mi="0" ci="5" mb="0" cb="0"/><line nr="56" mi="0" ci="7" mb="0" cb="0"/><line nr="57" mi="0" ci="1" mb="0" cb="0"/><line nr="58" mi="0" ci="5" mb="0" cb="0"/><line nr="59" mi="0" ci="1" mb="0" cb="0"/><line nr="60" mi="0" ci="1" mb="0" cb="0"/><line nr="65" mi="0" ci="7" mb="0" cb="0"/><line nr="66" mi="0" ci="3" mb="0" cb="0"/><line nr="67" mi="0" ci="3" mb="0" cb="0"/><line nr="68" mi="0" ci="3" mb="0" cb="0"/><line nr="69" mi="0" ci="1" mb="0" cb="0"/><line nr="71" mi="0" ci="3" mb="0" cb="0"/><line nr="72" mi="1" ci="0" mb="0" cb="0"/><line nr="74" mi="0" ci="1" mb="0" cb="0"/><line nr="76" mi="2" ci="15" mb="1" cb="1"/><line nr="77" mi="2" ci="6" mb="0" cb="0"/><line nr="78" mi="1" ci="0" mb="0" cb="0"/><line nr="79" mi="16" ci="0" mb="0" cb="0"/><line nr="81" mi="0" ci="1" mb="0" cb="0"/><line nr="82" mi="0" ci="1" mb="0" cb="0"/><counter type="INSTRUCTION" missed="22" covered="90"/><counter type="BRANCH" missed="1" covered="1"/><counter type="LINE" missed="3" covered="23"/><counter type="COMPLEXITY" missed="1" covered="3"/><counter type="METHOD" missed="0" covered="3"/><counter type="CLASS" missed="0" covered="1"/></sourcefile><counter type="INSTRUCTION" missed="22" covered="90"/><counter type="BRANCH" missed="1" covered="1"/><counter type="LINE" missed="3" covered="23"/><counter type="COMPLEXITY" missed="1" covered="3"/><counter type="METHOD" missed="0" covered="3"/><counter type="CLASS" missed="0" covered="1"/></package><counter type="INSTRUCTION" missed="22" covered="90"/><counter type="BRANCH" missed="1" covered="1"/><counter type="LINE" missed="3" covered="23"/><counter type="COMPLEXITY" missed="1" covered="3"/><counter type="METHOD" missed="0" covered="3"/><counter type="CLASS" missed="0" covered="1"/></report>