GROUP,PACKAGE,CLASS,INSTRUCTION_MISSED,INSTRUCTION_COVERED,BRANCH_MISSED,BRANCH_COVERED,LINE_MISSED,LINE_COVERED,COMPLEXITY_MISSED,COMPLEXITY_COVERED,METHOD_MISSED,METHOD_COVERED
core.async_operation_collection,info.smart_tools.smartactors.core.async_operation_collection.exception,CreateAsyncOperationException,4,0,0,0,2,0,1,0,1,0
core.async_operation_collection,info.smart_tools.smartactors.core.async_operation_collection.exception,CompleteAsyncOperationException,9,0,0,0,4,0,2,0,2,0
core.async_operation_collection,info.smart_tools.smartactors.core.async_operation_collection.exception,DeleteAsyncOperationException,9,0,0,0,4,0,2,0,2,0
core.async_operation_collection,info.smart_tools.smartactors.core.async_operation_collection.exception,GetAsyncOperationException,4,5,0,0,2,2,1,1,1,1
core.async_operation_collection,info.smart_tools.smartactors.core.async_operation_collection.task,CreateAsyncOperationTask,76,0,0,0,21,0,4,0,4,0
core.async_operation_collection,info.smart_tools.smartactors.core.async_operation_collection.task,GetAsyncOperationTask,0,81,0,0,0,22,0,4,0,4
core.async_operation_collection,info.smart_tools.smartactors.core.async_operation_collection.task,DeleteAsyncOperationTask,20,0,0,0,9,0,4,0,4,0
core.async_operation_collection,info.smart_tools.smartactors.core.async_operation_collection.task,UpdateAsyncOperationTask,64,0,0,0,17,0,4,0,4,0
core.async_operation_collection,info.smart_tools.smartactors.core.async_operation_collection,AsyncOperationCollection,761,0,52,0,129,0,31,0,5,0
